Started GET "/" for 127.0.0.1 at 2018-05-14 17:48:29 +0900
Processing by Rails::WelcomeController#index as HTML
  Parameters: {"internal"=>true}
  Rendering /Users/Jan/.rbenv/versions/2.3.1/lib/ruby/gems/2.3.0/gems/railties-5.0.7/lib/rails/templates/rails/welcome/index.html.erb
  Rendered /Users/Jan/.rbenv/versions/2.3.1/lib/ruby/gems/2.3.0/gems/railties-5.0.7/lib/rails/templates/rails/welcome/index.html.erb (6.5ms)
Completed 200 OK in 40ms (Views: 18.7ms | ActiveRecord: 0.0ms)


Started GET "/" for 127.0.0.1 at 2018-05-14 17:48:39 +0900
Processing by Rails::WelcomeController#index as HTML
  Parameters: {"internal"=>true}
  Rendering /Users/Jan/.rbenv/versions/2.3.1/lib/ruby/gems/2.3.0/gems/railties-5.0.7/lib/rails/templates/rails/welcome/index.html.erb
  Rendered /Users/Jan/.rbenv/versions/2.3.1/lib/ruby/gems/2.3.0/gems/railties-5.0.7/lib/rails/templates/rails/welcome/index.html.erb (8.5ms)
Completed 200 OK in 30ms (Views: 16.7ms | ActiveRecord: 0.0ms)


Started GET "/" for 127.0.0.1 at 2018-05-14 17:48:42 +0900
Processing by Rails::WelcomeController#index as HTML
  Parameters: {"internal"=>true}
  Rendering /Users/Jan/.rbenv/versions/2.3.1/lib/ruby/gems/2.3.0/gems/railties-5.0.7/lib/rails/templates/rails/welcome/index.html.erb
  Rendered /Users/Jan/.rbenv/versions/2.3.1/lib/ruby/gems/2.3.0/gems/railties-5.0.7/lib/rails/templates/rails/welcome/index.html.erb (4.3ms)
Completed 200 OK in 14ms (Views: 8.8ms | ActiveRecord: 0.0ms)


Started GET "/" for 127.0.0.1 at 2018-05-14 17:48:43 +0900
Processing by Rails::WelcomeController#index as HTML
  Parameters: {"internal"=>true}
  Rendering /Users/Jan/.rbenv/versions/2.3.1/lib/ruby/gems/2.3.0/gems/railties-5.0.7/lib/rails/templates/rails/welcome/index.html.erb
  Rendered /Users/Jan/.rbenv/versions/2.3.1/lib/ruby/gems/2.3.0/gems/railties-5.0.7/lib/rails/templates/rails/welcome/index.html.erb (4.3ms)
Completed 200 OK in 15ms (Views: 9.2ms | ActiveRecord: 0.0ms)


Started GET "/" for 127.0.0.1 at 2018-05-14 17:48:44 +0900
Processing by Rails::WelcomeController#index as HTML
  Parameters: {"internal"=>true}
  Rendering /Users/Jan/.rbenv/versions/2.3.1/lib/ruby/gems/2.3.0/gems/railties-5.0.7/lib/rails/templates/rails/welcome/index.html.erb
  Rendered /Users/Jan/.rbenv/versions/2.3.1/lib/ruby/gems/2.3.0/gems/railties-5.0.7/lib/rails/templates/rails/welcome/index.html.erb (3.8ms)
Completed 200 OK in 13ms (Views: 8.3ms | ActiveRecord: 0.0ms)


Started GET "/" for 127.0.0.1 at 2018-05-14 17:49:31 +0900
Processing by Rails::WelcomeController#index as HTML
  Parameters: {"internal"=>true}
  Rendering /Users/Jan/.rbenv/versions/2.3.1/lib/ruby/gems/2.3.0/gems/railties-5.0.7/lib/rails/templates/rails/welcome/index.html.erb
  Rendered /Users/Jan/.rbenv/versions/2.3.1/lib/ruby/gems/2.3.0/gems/railties-5.0.7/lib/rails/templates/rails/welcome/index.html.erb (7.7ms)
Completed 200 OK in 40ms (Views: 19.2ms | ActiveRecord: 0.0ms)


Started GET "/" for 127.0.0.1 at 2018-05-14 17:49:39 +0900
Processing by Rails::WelcomeController#index as HTML
  Parameters: {"internal"=>true}
  Rendering /Users/Jan/.rbenv/versions/2.3.1/lib/ruby/gems/2.3.0/gems/railties-5.0.7/lib/rails/templates/rails/welcome/index.html.erb
  Rendered /Users/Jan/.rbenv/versions/2.3.1/lib/ruby/gems/2.3.0/gems/railties-5.0.7/lib/rails/templates/rails/welcome/index.html.erb (4.0ms)
Completed 200 OK in 17ms (Views: 10.7ms | ActiveRecord: 0.0ms)


Started GET "/" for 127.0.0.1 at 2018-05-14 18:28:07 +0900
Processing by MessagesController#index as HTML
  Rendering messages/index.html.haml within layouts/application
  Rendered messages/_chatSide__top.html.haml (5.5ms)
  Rendered messages/_chatSide__bottom.html.haml (4.9ms)
  Rendered messages/_chatMain__top.html.haml (5.1ms)
  Rendered messages/_chatMain__middle.html.haml (6.1ms)
  Rendered messages/_chatMain__bottom.html.haml (6.5ms)
  Rendered messages/index.html.haml within layouts/application (64.4ms)
Completed 200 OK in 2106ms (Views: 2090.8ms | ActiveRecord: 0.0ms)


